<?xml version="1.0" encoding="UTF-8"?>
<!-- Generated by org.testng.reporters.JUnitReportReporter -->
<testsuite hostname="DESKTOP-LVLL46D" failures="0" tests="1" name="swagurltest.SwagLabTesting" time="43.483" errors="0" timestamp="2024-12-24T22:20:37 BDT" skipped="0">
  <testcase classname="swagurltest.SwagLabTesting" name="testPurchaseProduct" time="43.483"/>
  <system-out/>
</testsuite> <!-- swagurltest.SwagLabTesting -->
